<?xml version="1.0" encoding="UTF-8"?>
<testng-results ignored="0" total="1" passed="1" failed="0" skipped="0">
  <reporter-output>
  </reporter-output>
  <suite started-at="2024-07-11T15:30:35 IST" name="Suite" finished-at="2024-07-11T15:30:35 IST" duration-ms="29">
    <groups>
    </groups>
    <test started-at="2024-07-11T15:30:35 IST" name="Test" finished-at="2024-07-11T15:30:35 IST" duration-ms="29">
      <class name="BDD.Get_Demo1">
        <test-method signature="tc1()[pri:0, instance:BDD.Get_Demo1@74fe5c40]" started-at="2024-07-11T15:30:35 IST" name="tc1" finished-at="2024-07-11T15:30:35 IST" duration-ms="3" status="PASS">
          <reporter-output>
          </reporter-output>
        </test-method> <!-- tc1 -->
      </class> <!-- BDD.Get_Demo1 -->
    </test> <!-- Test -->
  </suite> <!-- Suite -->
</testng-results>
