<?xml version="1.0" encoding="UTF-8"?>
<testng-results ignored="0" total="1" passed="1" failed="0" skipped="0">
  <reporter-output>
  </reporter-output>
  <suite started-at="2024-07-12T17:37:32 IST" name="Default suite" finished-at="2024-07-12T17:37:36 IST" duration-ms="4162">
    <groups>
    </groups>
    <test started-at="2024-07-12T17:37:32 IST" name="Default test" finished-at="2024-07-12T17:37:36 IST" duration-ms="4162">
      <class name="BDD.Get_Demo1">
        <test-method is-config="true" signature="SuiteExection()[pri:0, instance:BDD.Get_Demo1@732c2a62]" started-at="2024-07-12T17:37:32 IST" name="SuiteExection" finished-at="2024-07-12T17:37:32 IST" duration-ms="6" status="PASS">
          <reporter-output>
          </reporter-output>
        </test-method> <!-- SuiteExection -->
        <test-method is-config="true" signature="DriverPreparaion()[pri:0, instance:BDD.Get_Demo1@732c2a62]" started-at="2024-07-12T17:37:32 IST" name="DriverPreparaion" finished-at="2024-07-12T17:37:36 IST" duration-ms="3655" status="PASS">
          <reporter-output>
          </reporter-output>
        </test-method> <!-- DriverPreparaion -->
        <test-method signature="TC_1()[pri:0, instance:BDD.Get_Demo1@732c2a62]" started-at="2024-07-12T17:37:36 IST" name="TC_1" description="validate the title of the page" finished-at="2024-07-12T17:37:36 IST" duration-ms="10" status="PASS">
          <reporter-output>
          </reporter-output>
        </test-method> <!-- TC_1 -->
        <test-method is-config="true" signature="Tear()[pri:0, instance:BDD.Get_Demo1@732c2a62]" started-at="2024-07-12T17:37:36 IST" name="Tear" finished-at="2024-07-12T17:37:36 IST" duration-ms="478" status="PASS">
          <reporter-output>
          </reporter-output>
        </test-method> <!-- Tear -->
      </class> <!-- BDD.Get_Demo1 -->
    </test> <!-- Default test -->
  </suite> <!-- Default suite -->
</testng-results>
