<?xml version="1.0" encoding="UTF-8"?>
<testng-results ignored="0" total="1" passed="1" failed="0" skipped="0">
  <reporter-output>
  </reporter-output>
  <suite started-at="2024-07-16T12:59:40 IST" name="Suite" finished-at="2024-07-16T13:00:00 IST" duration-ms="19811">
    <groups>
    </groups>
    <test started-at="2024-07-16T12:59:40 IST" name="Test" finished-at="2024-07-16T13:00:00 IST" duration-ms="19811">
      <class name="BrowserStack.ChromRunner">
        <test-method is-config="true" signature="suite()[pri:0, instance:BrowserStack.ChromRunner@66d3eec0]" started-at="2024-07-16T12:59:40 IST" name="suite" finished-at="2024-07-16T12:59:40 IST" duration-ms="7" status="PASS">
          <reporter-output>
          </reporter-output>
        </test-method> <!-- suite -->
        <test-method is-config="true" signature="SetUp()[pri:0, instance:BrowserStack.ChromRunner@66d3eec0]" started-at="2024-07-16T12:59:40 IST" name="SetUp" finished-at="2024-07-16T12:59:49 IST" duration-ms="8859" status="PASS">
          <reporter-output>
          </reporter-output>
        </test-method> <!-- SetUp -->
        <test-method is-config="true" signature="URLOPEN()[pri:0, instance:BrowserStack.ChromRunner@66d3eec0]" started-at="2024-07-16T12:59:49 IST" name="URLOPEN" finished-at="2024-07-16T12:59:58 IST" duration-ms="9436" status="PASS">
          <reporter-output>
          </reporter-output>
        </test-method> <!-- URLOPEN -->
        <test-method signature="TC1()[pri:0, instance:BrowserStack.ChromRunner@66d3eec0]" started-at="2024-07-16T12:59:58 IST" name="TC1" finished-at="2024-07-16T12:59:58 IST" duration-ms="106" status="PASS">
          <reporter-output>
          </reporter-output>
        </test-method> <!-- TC1 -->
        <test-method is-config="true" signature="TearDown()[pri:0, instance:BrowserStack.ChromRunner@66d3eec0]" started-at="2024-07-16T12:59:58 IST" name="TearDown" finished-at="2024-07-16T13:00:00 IST" duration-ms="1371" status="PASS">
          <reporter-output>
          </reporter-output>
        </test-method> <!-- TearDown -->
      </class> <!-- BrowserStack.ChromRunner -->
    </test> <!-- Test -->
  </suite> <!-- Suite -->
</testng-results>
